mode: count
github.com/xraph/forge/pkg/di/container.go:87.60,109.2 6 18
github.com/xraph/forge/pkg/di/container.go:112.73,116.15 3 25
github.com/xraph/forge/pkg/di/container.go:116.15,118.3 1 1
github.com/xraph/forge/pkg/di/container.go:120.2,121.28 2 24
github.com/xraph/forge/pkg/di/container.go:121.28,123.90 2 24
github.com/xraph/forge/pkg/di/container.go:123.90,125.4 1 12
github.com/xraph/forge/pkg/di/container.go:126.8,128.3 1 0
github.com/xraph/forge/pkg/di/container.go:130.2,143.35 2 24
github.com/xraph/forge/pkg/di/container.go:143.35,145.17 2 24
github.com/xraph/forge/pkg/di/container.go:145.17,147.4 1 0
github.com/xraph/forge/pkg/di/container.go:148.3,150.94 2 24
github.com/xraph/forge/pkg/di/container.go:151.8,151.39 1 0
github.com/xraph/forge/pkg/di/container.go:151.39,153.3 1 0
github.com/xraph/forge/pkg/di/container.go:156.2,156.27 1 24
github.com/xraph/forge/pkg/di/container.go:156.27,157.60 1 21
github.com/xraph/forge/pkg/di/container.go:157.60,159.4 1 0
github.com/xraph/forge/pkg/di/container.go:160.3,161.63 2 21
github.com/xraph/forge/pkg/di/container.go:162.8,163.51 1 3
github.com/xraph/forge/pkg/di/container.go:163.51,165.4 1 0
github.com/xraph/forge/pkg/di/container.go:166.3,166.41 1 3
github.com/xraph/forge/pkg/di/container.go:170.2,171.90 2 24
github.com/xraph/forge/pkg/di/container.go:171.90,173.28 1 2
github.com/xraph/forge/pkg/di/container.go:173.28,176.4 2 2
github.com/xraph/forge/pkg/di/container.go:176.9,178.4 1 0
github.com/xraph/forge/pkg/di/container.go:179.3,179.59 1 2
github.com/xraph/forge/pkg/di/container.go:182.2,182.21 1 22
github.com/xraph/forge/pkg/di/container.go:182.21,188.3 1 22
github.com/xraph/forge/pkg/di/container.go:190.2,190.12 1 22
github.com/xraph/forge/pkg/di/container.go:194.110,196.44 2 24
github.com/xraph/forge/pkg/di/container.go:196.44,198.3 1 0
github.com/xraph/forge/pkg/di/container.go:200.2,205.33 4 24
github.com/xraph/forge/pkg/di/container.go:205.33,209.66 2 9
github.com/xraph/forge/pkg/di/container.go:209.66,210.12 1 0
github.com/xraph/forge/pkg/di/container.go:212.3,212.70 1 9
github.com/xraph/forge/pkg/di/container.go:212.70,213.12 1 0
github.com/xraph/forge/pkg/di/container.go:217.3,218.20 2 9
github.com/xraph/forge/pkg/di/container.go:218.20,220.4 1 6
github.com/xraph/forge/pkg/di/container.go:223.2,223.88 1 24
github.com/xraph/forge/pkg/di/container.go:223.88,226.34 2 10
github.com/xraph/forge/pkg/di/container.go:226.34,230.67 2 2
github.com/xraph/forge/pkg/di/container.go:230.67,232.13 2 0
github.com/xraph/forge/pkg/di/container.go:235.4,235.71 1 2
github.com/xraph/forge/pkg/di/container.go:235.71,238.13 3 0
github.com/xraph/forge/pkg/di/container.go:242.4,243.18 2 2
github.com/xraph/forge/pkg/di/container.go:243.18,245.5 1 0
github.com/xraph/forge/pkg/di/container.go:247.4,247.43 1 2
github.com/xraph/forge/pkg/di/container.go:250.3,251.24 2 10
github.com/xraph/forge/pkg/di/container.go:251.24,253.4 1 0
github.com/xraph/forge/pkg/di/container.go:255.3,256.23 2 10
github.com/xraph/forge/pkg/di/container.go:256.23,257.80 1 0
github.com/xraph/forge/pkg/di/container.go:257.80,259.5 1 0
github.com/xraph/forge/pkg/di/container.go:262.3,262.23 1 10
github.com/xraph/forge/pkg/di/container.go:265.2,265.35 1 24
github.com/xraph/forge/pkg/di/container.go:269.71,271.41 1 9
github.com/xraph/forge/pkg/di/container.go:271.41,272.40 1 7
github.com/xraph/forge/pkg/di/container.go:272.40,274.4 1 6
github.com/xraph/forge/pkg/di/container.go:278.2,278.38 1 3
github.com/xraph/forge/pkg/di/container.go:278.38,279.43 1 0
github.com/xraph/forge/pkg/di/container.go:279.43,281.4 1 0
github.com/xraph/forge/pkg/di/container.go:285.2,285.43 1 3
github.com/xraph/forge/pkg/di/container.go:285.43,287.42 1 3
github.com/xraph/forge/pkg/di/container.go:287.42,288.50 1 0
github.com/xraph/forge/pkg/di/container.go:288.50,290.5 1 0
github.com/xraph/forge/pkg/di/container.go:294.3,294.39 1 3
github.com/xraph/forge/pkg/di/container.go:294.39,295.53 1 0
github.com/xraph/forge/pkg/di/container.go:295.53,297.5 1 0
github.com/xraph/forge/pkg/di/container.go:301.2,301.11 1 3
github.com/xraph/forge/pkg/di/container.go:305.64,307.20 1 7
github.com/xraph/forge/pkg/di/container.go:307.20,309.3 1 4
github.com/xraph/forge/pkg/di/container.go:312.2,312.39 1 3
github.com/xraph/forge/pkg/di/container.go:312.39,313.30 1 3
github.com/xraph/forge/pkg/di/container.go:313.30,315.4 1 2
github.com/xraph/forge/pkg/di/container.go:316.3,316.45 1 1
github.com/xraph/forge/pkg/di/container.go:316.45,318.4 1 0
github.com/xraph/forge/pkg/di/container.go:321.2,321.14 1 1
github.com/xraph/forge/pkg/di/container.go:325.84,326.40 1 1
github.com/xraph/forge/pkg/di/container.go:326.40,328.3 1 1
github.com/xraph/forge/pkg/di/container.go:329.2,329.55 1 0
github.com/xraph/forge/pkg/di/container.go:329.55,331.3 1 0
github.com/xraph/forge/pkg/di/container.go:332.2,332.14 1 0
github.com/xraph/forge/pkg/di/container.go:336.77,341.31 3 24
github.com/xraph/forge/pkg/di/container.go:341.31,342.17 1 7
github.com/xraph/forge/pkg/di/container.go:342.17,345.4 2 7
github.com/xraph/forge/pkg/di/container.go:349.2,349.31 1 24
github.com/xraph/forge/pkg/di/container.go:349.31,350.17 1 6
github.com/xraph/forge/pkg/di/container.go:350.17,353.4 2 4
github.com/xraph/forge/pkg/di/container.go:356.2,356.15 1 24
github.com/xraph/forge/pkg/di/container.go:360.78,361.29 1 24
github.com/xraph/forge/pkg/di/container.go:361.29,363.3 1 21
github.com/xraph/forge/pkg/di/container.go:364.2,364.35 1 3
github.com/xraph/forge/pkg/di/container.go:368.96,371.30 2 21
github.com/xraph/forge/pkg/di/container.go:371.30,373.3 1 14
github.com/xraph/forge/pkg/di/container.go:375.2,377.61 2 21
github.com/xraph/forge/pkg/di/container.go:377.61,379.25 2 14
github.com/xraph/forge/pkg/di/container.go:379.25,383.4 3 14
github.com/xraph/forge/pkg/di/container.go:386.2,386.41 1 21
github.com/xraph/forge/pkg/di/container.go:386.41,387.29 1 49
github.com/xraph/forge/pkg/di/container.go:387.29,388.12 1 0
github.com/xraph/forge/pkg/di/container.go:391.3,391.68 1 49
github.com/xraph/forge/pkg/di/container.go:391.68,393.4 1 35
github.com/xraph/forge/pkg/di/container.go:393.9,393.56 1 14
github.com/xraph/forge/pkg/di/container.go:393.56,399.4 1 0
github.com/xraph/forge/pkg/di/container.go:404.75,405.24 1 6
github.com/xraph/forge/pkg/di/container.go:405.24,407.3 1 0
github.com/xraph/forge/pkg/di/container.go:409.2,410.87 2 6
github.com/xraph/forge/pkg/di/container.go:410.87,412.3 1 1
github.com/xraph/forge/pkg/di/container.go:414.2,417.40 3 6
github.com/xraph/forge/pkg/di/container.go:421.84,423.59 1 8
github.com/xraph/forge/pkg/di/container.go:423.59,425.3 1 2
github.com/xraph/forge/pkg/di/container.go:428.2,428.47 1 6
github.com/xraph/forge/pkg/di/container.go:428.47,429.37 1 8
github.com/xraph/forge/pkg/di/container.go:429.37,431.4 1 2
github.com/xraph/forge/pkg/di/container.go:435.2,435.43 1 4
github.com/xraph/forge/pkg/di/container.go:435.43,437.53 1 1
github.com/xraph/forge/pkg/di/container.go:437.53,438.53 1 1
github.com/xraph/forge/pkg/di/container.go:438.53,440.5 1 1
github.com/xraph/forge/pkg/di/container.go:444.3,444.48 1 0
github.com/xraph/forge/pkg/di/container.go:444.48,445.59 1 0
github.com/xraph/forge/pkg/di/container.go:445.59,447.5 1 0
github.com/xraph/forge/pkg/di/container.go:452.2,453.20 2 3
github.com/xraph/forge/pkg/di/container.go:453.20,454.70 1 1
github.com/xraph/forge/pkg/di/container.go:454.70,455.67 1 0
github.com/xraph/forge/pkg/di/container.go:455.67,457.5 1 0
github.com/xraph/forge/pkg/di/container.go:462.2,463.71 2 3
github.com/xraph/forge/pkg/di/container.go:463.71,464.66 1 0
github.com/xraph/forge/pkg/di/container.go:464.66,466.4 1 0
github.com/xraph/forge/pkg/di/container.go:469.2,469.59 1 3
github.com/xraph/forge/pkg/di/container.go:473.68,476.13 3 6
github.com/xraph/forge/pkg/di/container.go:476.13,477.66 1 1
github.com/xraph/forge/pkg/di/container.go:477.66,478.85 1 1
github.com/xraph/forge/pkg/di/container.go:478.85,481.5 2 1
github.com/xraph/forge/pkg/di/container.go:484.2,486.13 2 6
github.com/xraph/forge/pkg/di/container.go:486.13,488.3 1 0
github.com/xraph/forge/pkg/di/container.go:490.2,490.61 1 6
github.com/xraph/forge/pkg/di/container.go:494.55,498.24 3 0
github.com/xraph/forge/pkg/di/container.go:498.24,500.3 1 0
github.com/xraph/forge/pkg/di/container.go:502.2,503.87 2 0
github.com/xraph/forge/pkg/di/container.go:503.87,505.3 1 0
github.com/xraph/forge/pkg/di/container.go:507.2,508.15 2 0
github.com/xraph/forge/pkg/di/container.go:512.48,518.2 4 0
github.com/xraph/forge/pkg/di/container.go:521.59,527.42 4 0
github.com/xraph/forge/pkg/di/container.go:527.42,538.3 1 0
github.com/xraph/forge/pkg/di/container.go:540.2,540.47 1 0
github.com/xraph/forge/pkg/di/container.go:540.47,551.3 1 0
github.com/xraph/forge/pkg/di/container.go:553.2,553.17 1 0
github.com/xraph/forge/pkg/di/container.go:557.54,561.15 3 1
github.com/xraph/forge/pkg/di/container.go:561.15,563.3 1 0
github.com/xraph/forge/pkg/di/container.go:565.2,568.52 2 1
github.com/xraph/forge/pkg/di/container.go:568.52,570.3 1 0
github.com/xraph/forge/pkg/di/container.go:573.2,573.50 1 1
github.com/xraph/forge/pkg/di/container.go:573.50,575.3 1 0
github.com/xraph/forge/pkg/di/container.go:578.2,578.57 1 1
github.com/xraph/forge/pkg/di/container.go:578.57,580.3 1 0
github.com/xraph/forge/pkg/di/container.go:582.2,582.47 1 1
github.com/xraph/forge/pkg/di/container.go:582.47,584.3 1 0
github.com/xraph/forge/pkg/di/container.go:586.2,588.21 2 1
github.com/xraph/forge/pkg/di/container.go:588.21,593.3 1 1
github.com/xraph/forge/pkg/di/container.go:595.2,595.22 1 1
github.com/xraph/forge/pkg/di/container.go:595.22,598.3 2 0
github.com/xraph/forge/pkg/di/container.go:600.2,600.12 1 1
github.com/xraph/forge/pkg/di/container.go:604.53,608.42 2 1
github.com/xraph/forge/pkg/di/container.go:608.42,611.3 2 0
github.com/xraph/forge/pkg/di/container.go:613.2,613.36 1 1
github.com/xraph/forge/pkg/di/container.go:613.36,615.3 1 0
github.com/xraph/forge/pkg/di/container.go:618.2,618.42 1 1
github.com/xraph/forge/pkg/di/container.go:618.42,620.49 2 0
github.com/xraph/forge/pkg/di/container.go:620.49,621.56 1 0
github.com/xraph/forge/pkg/di/container.go:621.56,623.5 1 0
github.com/xraph/forge/pkg/di/container.go:627.2,627.47 1 1
github.com/xraph/forge/pkg/di/container.go:627.47,628.49 1 0
github.com/xraph/forge/pkg/di/container.go:628.49,629.56 1 0
github.com/xraph/forge/pkg/di/container.go:629.56,631.5 1 0
github.com/xraph/forge/pkg/di/container.go:635.2,635.12 1 1
github.com/xraph/forge/pkg/di/container.go:639.58,648.2 2 0
github.com/xraph/forge/pkg/di/container.go:651.74,655.21 2 1
github.com/xraph/forge/pkg/di/container.go:655.21,659.3 1 1
github.com/xraph/forge/pkg/di/container.go:661.2,661.46 1 1
github.com/xraph/forge/pkg/di/container.go:661.46,666.58 3 0
github.com/xraph/forge/pkg/di/container.go:666.58,669.4 2 0
github.com/xraph/forge/pkg/di/container.go:669.9,671.35 1 0
github.com/xraph/forge/pkg/di/container.go:671.35,672.45 1 0
github.com/xraph/forge/pkg/di/container.go:672.45,675.11 3 0
github.com/xraph/forge/pkg/di/container.go:680.3,680.13 1 0
github.com/xraph/forge/pkg/di/container.go:680.13,681.12 1 0
github.com/xraph/forge/pkg/di/container.go:685.3,685.61 1 0
github.com/xraph/forge/pkg/di/container.go:685.61,686.23 1 0
github.com/xraph/forge/pkg/di/container.go:686.23,690.5 1 0
github.com/xraph/forge/pkg/di/container.go:692.4,693.18 2 0
github.com/xraph/forge/pkg/di/container.go:693.18,695.5 1 0
github.com/xraph/forge/pkg/di/container.go:697.4,697.36 1 0
github.com/xraph/forge/pkg/di/container.go:701.2,701.12 1 1
github.com/xraph/forge/pkg/di/container.go:705.53,709.16 3 1
github.com/xraph/forge/pkg/di/container.go:709.16,711.3 1 0
github.com/xraph/forge/pkg/di/container.go:713.2,715.46 2 1
github.com/xraph/forge/pkg/di/container.go:715.46,716.22 1 0
github.com/xraph/forge/pkg/di/container.go:716.22,718.4 1 0
github.com/xraph/forge/pkg/di/container.go:722.2,726.42 3 1
github.com/xraph/forge/pkg/di/container.go:726.42,728.3 1 0
github.com/xraph/forge/pkg/di/container.go:729.2,729.47 1 1
github.com/xraph/forge/pkg/di/container.go:729.47,731.3 1 0
github.com/xraph/forge/pkg/di/container.go:733.2,735.21 2 1
github.com/xraph/forge/pkg/di/container.go:735.21,739.3 1 1
github.com/xraph/forge/pkg/di/container.go:741.2,741.22 1 1
github.com/xraph/forge/pkg/di/container.go:741.22,744.3 2 0
github.com/xraph/forge/pkg/di/container.go:746.2,746.12 1 1
github.com/xraph/forge/pkg/di/container.go:750.60,754.16 3 0
github.com/xraph/forge/pkg/di/container.go:754.16,756.3 1 0
github.com/xraph/forge/pkg/di/container.go:758.2,758.37 1 0
github.com/xraph/forge/pkg/di/container.go:762.113,763.28 1 11
github.com/xraph/forge/pkg/di/container.go:763.28,765.35 2 9
github.com/xraph/forge/pkg/di/container.go:765.35,769.4 3 1
github.com/xraph/forge/pkg/di/container.go:770.3,774.35 4 8
github.com/xraph/forge/pkg/di/container.go:774.35,776.4 1 0
github.com/xraph/forge/pkg/di/container.go:780.2,780.45 1 10
github.com/xraph/forge/pkg/di/container.go:780.45,781.74 1 0
github.com/xraph/forge/pkg/di/container.go:781.74,783.4 1 0
github.com/xraph/forge/pkg/di/container.go:785.2,785.56 1 10
github.com/xraph/forge/pkg/di/container.go:785.56,786.74 1 0
github.com/xraph/forge/pkg/di/container.go:786.74,788.4 1 0
github.com/xraph/forge/pkg/di/container.go:791.2,794.33 3 10
github.com/xraph/forge/pkg/di/container.go:794.33,796.3 1 10
github.com/xraph/forge/pkg/di/container.go:796.8,798.3 1 0
github.com/xraph/forge/pkg/di/container.go:800.2,800.16 1 10
github.com/xraph/forge/pkg/di/container.go:800.16,802.3 1 0
github.com/xraph/forge/pkg/di/container.go:805.2,805.32 1 10
github.com/xraph/forge/pkg/di/container.go:805.32,806.86 1 0
github.com/xraph/forge/pkg/di/container.go:806.86,808.4 1 0
github.com/xraph/forge/pkg/di/container.go:812.2,812.45 1 10
github.com/xraph/forge/pkg/di/container.go:812.45,813.83 1 0
github.com/xraph/forge/pkg/di/container.go:813.83,815.4 1 0
github.com/xraph/forge/pkg/di/container.go:817.2,817.56 1 10
github.com/xraph/forge/pkg/di/container.go:817.56,818.83 1 0
github.com/xraph/forge/pkg/di/container.go:818.83,820.4 1 0
github.com/xraph/forge/pkg/di/container.go:823.2,823.28 1 10
github.com/xraph/forge/pkg/di/container.go:823.28,825.3 1 8
github.com/xraph/forge/pkg/di/container.go:827.2,827.22 1 10
github.com/xraph/forge/pkg/di/container.go:831.64,831.86 1 0
github.com/xraph/forge/pkg/di/container.go:832.64,832.89 1 0
github.com/xraph/forge/pkg/di/container.go:833.64,833.85 1 0
github.com/xraph/forge/pkg/di/container.go:834.64,834.86 1 0
github.com/xraph/forge/pkg/di/container.go:836.38,840.2 3 0
github.com/xraph/forge/pkg/di/container.go:842.61,846.2 3 0
github.com/xraph/forge/pkg/di/container.go:848.64,851.42 3 0
github.com/xraph/forge/pkg/di/container.go:851.42,852.30 1 0
github.com/xraph/forge/pkg/di/container.go:852.30,854.9 2 0
github.com/xraph/forge/pkg/di/container.go:859.53,865.2 5 0
github.com/xraph/forge/pkg/di/container.go:867.47,878.2 3 0
github.com/xraph/forge/pkg/di/container.go:880.69,884.36 4 0
github.com/xraph/forge/pkg/di/container.go:884.36,886.3 1 0
github.com/xraph/forge/pkg/di/container.go:887.2,887.15 1 0
github.com/xraph/forge/pkg/di/container.go:890.88,894.15 3 0
github.com/xraph/forge/pkg/di/container.go:894.15,896.3 1 0
github.com/xraph/forge/pkg/di/container.go:898.2,898.65 1 0
github.com/xraph/forge/pkg/di/container.go:898.65,900.3 1 0
github.com/xraph/forge/pkg/di/container.go:902.2,902.62 1 0
github.com/xraph/forge/pkg/di/container.go:902.62,904.34 2 0
github.com/xraph/forge/pkg/di/container.go:904.34,905.46 1 0
github.com/xraph/forge/pkg/di/container.go:905.46,907.10 2 0
github.com/xraph/forge/pkg/di/container.go:910.3,910.13 1 0
github.com/xraph/forge/pkg/di/container.go:910.13,912.4 1 0
github.com/xraph/forge/pkg/di/container.go:915.2,917.21 2 0
github.com/xraph/forge/pkg/di/container.go:917.21,921.3 1 0
github.com/xraph/forge/pkg/di/container.go:923.2,923.12 1 0
github.com/xraph/forge/pkg/di/container.go:926.72,930.15 3 0
github.com/xraph/forge/pkg/di/container.go:930.15,932.3 1 0
github.com/xraph/forge/pkg/di/container.go:934.2,934.66 1 0
github.com/xraph/forge/pkg/di/container.go:934.66,936.3 1 0
github.com/xraph/forge/pkg/di/container.go:938.2,940.21 2 0
github.com/xraph/forge/pkg/di/container.go:940.21,942.3 1 0
github.com/xraph/forge/pkg/di/container.go:944.2,944.12 1 0
github.com/xraph/forge/pkg/di/container.go:947.62,951.44 4 2
github.com/xraph/forge/pkg/di/container.go:951.44,953.3 1 2
github.com/xraph/forge/pkg/di/container.go:954.2,954.17 1 2
github.com/xraph/forge/pkg/di/container.go:957.83,962.13 4 0
github.com/xraph/forge/pkg/di/container.go:962.13,964.3 1 0
github.com/xraph/forge/pkg/di/container.go:966.2,966.35 1 0
github.com/xraph/forge/pkg/di/container.go:969.76,971.51 2 2
github.com/xraph/forge/pkg/di/container.go:971.51,972.28 1 8
github.com/xraph/forge/pkg/di/container.go:972.28,974.4 1 4
github.com/xraph/forge/pkg/di/container.go:976.2,976.31 1 2
github.com/xraph/forge/pkg/di/container.go:976.31,978.3 1 4
github.com/xraph/forge/pkg/di/lifecycle.go:70.66,78.2 1 18
github.com/xraph/forge/pkg/di/lifecycle.go:81.70,86.51 4 0
github.com/xraph/forge/pkg/di/lifecycle.go:86.51,88.3 1 0
github.com/xraph/forge/pkg/di/lifecycle.go:90.2,101.78 4 0
github.com/xraph/forge/pkg/di/lifecycle.go:101.78,104.3 2 0
github.com/xraph/forge/pkg/di/lifecycle.go:107.2,109.22 2 0
github.com/xraph/forge/pkg/di/lifecycle.go:109.22,114.3 1 0
github.com/xraph/forge/pkg/di/lifecycle.go:116.2,116.12 1 0
github.com/xraph/forge/pkg/di/lifecycle.go:120.69,125.13 4 0
github.com/xraph/forge/pkg/di/lifecycle.go:125.13,127.3 1 0
github.com/xraph/forge/pkg/di/lifecycle.go:130.2,130.40 1 0
github.com/xraph/forge/pkg/di/lifecycle.go:130.40,132.3 1 0
github.com/xraph/forge/pkg/di/lifecycle.go:135.2,135.67 1 0
github.com/xraph/forge/pkg/di/lifecycle.go:135.67,137.3 1 0
github.com/xraph/forge/pkg/di/lifecycle.go:139.2,144.22 3 0
github.com/xraph/forge/pkg/di/lifecycle.go:144.22,148.3 1 0
github.com/xraph/forge/pkg/di/lifecycle.go:150.2,150.12 1 0
github.com/xraph/forge/pkg/di/lifecycle.go:154.62,158.22 3 1
github.com/xraph/forge/pkg/di/lifecycle.go:158.22,160.3 1 1
github.com/xraph/forge/pkg/di/lifecycle.go:162.2,162.23 1 1
github.com/xraph/forge/pkg/di/lifecycle.go:162.23,164.3 1 0
github.com/xraph/forge/pkg/di/lifecycle.go:166.2,166.12 1 1
github.com/xraph/forge/pkg/di/lifecycle.go:170.61,174.22 3 1
github.com/xraph/forge/pkg/di/lifecycle.go:174.22,176.3 1 1
github.com/xraph/forge/pkg/di/lifecycle.go:178.2,178.23 1 1
github.com/xraph/forge/pkg/di/lifecycle.go:178.23,180.3 1 0
github.com/xraph/forge/pkg/di/lifecycle.go:182.2,182.12 1 1
github.com/xraph/forge/pkg/di/lifecycle.go:186.70,192.22 4 0
github.com/xraph/forge/pkg/di/lifecycle.go:192.22,197.3 1 0
github.com/xraph/forge/pkg/di/lifecycle.go:200.2,200.44 1 0
github.com/xraph/forge/pkg/di/lifecycle.go:200.44,202.14 2 0
github.com/xraph/forge/pkg/di/lifecycle.go:202.14,203.12 1 0
github.com/xraph/forge/pkg/di/lifecycle.go:206.3,206.44 1 0
github.com/xraph/forge/pkg/di/lifecycle.go:206.44,207.12 1 0
github.com/xraph/forge/pkg/di/lifecycle.go:210.3,210.53 1 0
github.com/xraph/forge/pkg/di/lifecycle.go:210.53,214.4 2 0
github.com/xraph/forge/pkg/di/lifecycle.go:217.2,217.22 1 0
github.com/xraph/forge/pkg/di/lifecycle.go:217.22,221.3 1 0
github.com/xraph/forge/pkg/di/lifecycle.go:223.2,223.23 1 0
github.com/xraph/forge/pkg/di/lifecycle.go:223.23,226.3 2 0
github.com/xraph/forge/pkg/di/lifecycle.go:228.2,228.12 1 0
github.com/xraph/forge/pkg/di/lifecycle.go:232.69,238.22 4 0
github.com/xraph/forge/pkg/di/lifecycle.go:238.22,243.3 1 0
github.com/xraph/forge/pkg/di/lifecycle.go:246.2,246.43 1 0
github.com/xraph/forge/pkg/di/lifecycle.go:246.43,248.14 2 0
github.com/xraph/forge/pkg/di/lifecycle.go:248.14,249.12 1 0
github.com/xraph/forge/pkg/di/lifecycle.go:252.3,252.41 1 0
github.com/xraph/forge/pkg/di/lifecycle.go:252.41,253.12 1 0
github.com/xraph/forge/pkg/di/lifecycle.go:256.3,256.52 1 0
github.com/xraph/forge/pkg/di/lifecycle.go:256.52,257.24 1 0
github.com/xraph/forge/pkg/di/lifecycle.go:257.24,262.5 1 0
github.com/xraph/forge/pkg/di/lifecycle.go:266.2,266.22 1 0
github.com/xraph/forge/pkg/di/lifecycle.go:266.22,270.3 1 0
github.com/xraph/forge/pkg/di/lifecycle.go:272.2,272.23 1 0
github.com/xraph/forge/pkg/di/lifecycle.go:272.23,275.3 2 0
github.com/xraph/forge/pkg/di/lifecycle.go:277.2,277.12 1 0
github.com/xraph/forge/pkg/di/lifecycle.go:281.68,287.36 4 0
github.com/xraph/forge/pkg/di/lifecycle.go:287.36,288.41 1 0
github.com/xraph/forge/pkg/di/lifecycle.go:288.41,289.12 1 0
github.com/xraph/forge/pkg/di/lifecycle.go:292.3,292.59 1 0
github.com/xraph/forge/pkg/di/lifecycle.go:292.59,294.4 1 0
github.com/xraph/forge/pkg/di/lifecycle.go:297.2,297.21 1 0
github.com/xraph/forge/pkg/di/lifecycle.go:297.21,299.3 1 0
github.com/xraph/forge/pkg/di/lifecycle.go:301.2,301.12 1 0
github.com/xraph/forge/pkg/di/lifecycle.go:305.77,310.13 4 0
github.com/xraph/forge/pkg/di/lifecycle.go:310.13,312.3 1 0
github.com/xraph/forge/pkg/di/lifecycle.go:314.2,314.27 1 0
github.com/xraph/forge/pkg/di/lifecycle.go:318.60,323.36 4 0
github.com/xraph/forge/pkg/di/lifecycle.go:323.36,325.3 1 0
github.com/xraph/forge/pkg/di/lifecycle.go:327.2,327.17 1 0
github.com/xraph/forge/pkg/di/lifecycle.go:331.87,336.13 4 0
github.com/xraph/forge/pkg/di/lifecycle.go:336.13,338.3 1 0
github.com/xraph/forge/pkg/di/lifecycle.go:340.2,342.25 3 0
github.com/xraph/forge/pkg/di/lifecycle.go:346.95,351.13 4 0
github.com/xraph/forge/pkg/di/lifecycle.go:351.13,353.3 1 0
github.com/xraph/forge/pkg/di/lifecycle.go:355.2,357.32 3 0
github.com/xraph/forge/pkg/di/lifecycle.go:361.88,366.13 4 0
github.com/xraph/forge/pkg/di/lifecycle.go:366.13,368.3 1 0
github.com/xraph/forge/pkg/di/lifecycle.go:370.2,383.8 3 0
github.com/xraph/forge/pkg/di/lifecycle.go:387.75,392.39 4 0
github.com/xraph/forge/pkg/di/lifecycle.go:392.39,406.3 3 0
github.com/xraph/forge/pkg/di/lifecycle.go:408.2,408.14 1 0
github.com/xraph/forge/pkg/di/lifecycle.go:412.99,416.43 3 0
github.com/xraph/forge/pkg/di/lifecycle.go:416.43,418.3 1 0
github.com/xraph/forge/pkg/di/lifecycle.go:420.2,423.22 3 0
github.com/xraph/forge/pkg/di/lifecycle.go:423.22,427.3 1 0
github.com/xraph/forge/pkg/di/lifecycle.go:437.2,437.51 1 0
github.com/xraph/forge/pkg/di/lifecycle.go:437.51,440.87 2 0
github.com/xraph/forge/pkg/di/lifecycle.go:440.87,445.24 3 0
github.com/xraph/forge/pkg/di/lifecycle.go:445.24,450.5 1 0
github.com/xraph/forge/pkg/di/lifecycle.go:452.4,452.14 1 0
github.com/xraph/forge/pkg/di/lifecycle.go:456.3,457.55 2 0
github.com/xraph/forge/pkg/di/lifecycle.go:460.2,463.22 3 0
github.com/xraph/forge/pkg/di/lifecycle.go:463.22,468.3 1 0
github.com/xraph/forge/pkg/di/lifecycle.go:470.2,470.23 1 0
github.com/xraph/forge/pkg/di/lifecycle.go:470.23,473.3 2 0
github.com/xraph/forge/pkg/di/lifecycle.go:475.2,475.12 1 0
github.com/xraph/forge/pkg/di/lifecycle.go:479.98,483.40 3 0
github.com/xraph/forge/pkg/di/lifecycle.go:483.40,485.3 1 0
github.com/xraph/forge/pkg/di/lifecycle.go:487.2,490.22 3 0
github.com/xraph/forge/pkg/di/lifecycle.go:490.22,494.3 1 0
github.com/xraph/forge/pkg/di/lifecycle.go:497.2,497.50 1 0
github.com/xraph/forge/pkg/di/lifecycle.go:497.50,500.3 2 0
github.com/xraph/forge/pkg/di/lifecycle.go:502.2,505.22 3 0
github.com/xraph/forge/pkg/di/lifecycle.go:505.22,510.3 1 0
github.com/xraph/forge/pkg/di/lifecycle.go:512.2,512.23 1 0
github.com/xraph/forge/pkg/di/lifecycle.go:512.23,515.3 2 0
github.com/xraph/forge/pkg/di/lifecycle.go:517.2,517.12 1 0
github.com/xraph/forge/pkg/di/lifecycle.go:521.105,527.57 4 0
github.com/xraph/forge/pkg/di/lifecycle.go:527.57,530.3 2 0
github.com/xraph/forge/pkg/di/lifecycle.go:532.2,533.12 2 0
github.com/xraph/forge/pkg/di/lifecycle.go:537.70,538.46 1 0
github.com/xraph/forge/pkg/di/lifecycle.go:538.46,541.14 3 0
github.com/xraph/forge/pkg/di/lifecycle.go:541.14,542.12 1 0
github.com/xraph/forge/pkg/di/lifecycle.go:545.3,545.41 1 0
github.com/xraph/forge/pkg/di/lifecycle.go:545.41,546.53 1 0
github.com/xraph/forge/pkg/di/lifecycle.go:546.53,547.25 1 0
github.com/xraph/forge/pkg/di/lifecycle.go:547.25,552.6 1 0
github.com/xraph/forge/pkg/di/lifecycle.go:559.46,564.62 3 0
github.com/xraph/forge/pkg/di/lifecycle.go:564.62,566.3 1 0
github.com/xraph/forge/pkg/di/lifecycle.go:570.89,571.40 1 0
github.com/xraph/forge/pkg/di/lifecycle.go:571.40,573.3 1 0
github.com/xraph/forge/pkg/di/lifecycle.go:574.2,574.59 1 0
github.com/xraph/forge/pkg/di/lifecycle.go:574.59,576.3 1 0
github.com/xraph/forge/pkg/di/lifecycle.go:577.2,577.10 1 0
github.com/xraph/forge/pkg/di/lifecycle.go:594.44,599.2 1 36
github.com/xraph/forge/pkg/di/lifecycle.go:602.78,606.41 3 24
github.com/xraph/forge/pkg/di/lifecycle.go:606.41,608.3 1 0
github.com/xraph/forge/pkg/di/lifecycle.go:610.2,620.35 4 24
github.com/xraph/forge/pkg/di/lifecycle.go:620.35,621.47 1 11
github.com/xraph/forge/pkg/di/lifecycle.go:621.47,623.4 1 6
github.com/xraph/forge/pkg/di/lifecycle.go:627.2,627.55 1 24
github.com/xraph/forge/pkg/di/lifecycle.go:627.55,632.3 3 2
github.com/xraph/forge/pkg/di/lifecycle.go:634.2,634.12 1 22
github.com/xraph/forge/pkg/di/lifecycle.go:638.58,643.13 4 0
github.com/xraph/forge/pkg/di/lifecycle.go:643.13,645.3 1 0
github.com/xraph/forge/pkg/di/lifecycle.go:648.2,648.40 1 0
github.com/xraph/forge/pkg/di/lifecycle.go:648.40,649.47 1 0
github.com/xraph/forge/pkg/di/lifecycle.go:649.47,650.49 1 0
github.com/xraph/forge/pkg/di/lifecycle.go:650.49,651.26 1 0
github.com/xraph/forge/pkg/di/lifecycle.go:651.26,653.11 2 0
github.com/xraph/forge/pkg/di/lifecycle.go:659.2,662.12 3 0
github.com/xraph/forge/pkg/di/lifecycle.go:666.59,672.29 4 1
github.com/xraph/forge/pkg/di/lifecycle.go:672.29,674.3 1 0
github.com/xraph/forge/pkg/di/lifecycle.go:676.2,676.40 1 1
github.com/xraph/forge/pkg/di/lifecycle.go:676.40,677.36 1 0
github.com/xraph/forge/pkg/di/lifecycle.go:677.36,679.4 1 0
github.com/xraph/forge/pkg/di/lifecycle.go:682.2,683.37 2 1
github.com/xraph/forge/pkg/di/lifecycle.go:683.37,684.18 1 0
github.com/xraph/forge/pkg/di/lifecycle.go:684.18,686.4 1 0
github.com/xraph/forge/pkg/di/lifecycle.go:689.2,690.21 2 1
github.com/xraph/forge/pkg/di/lifecycle.go:690.21,695.41 4 0
github.com/xraph/forge/pkg/di/lifecycle.go:695.41,697.26 2 0
github.com/xraph/forge/pkg/di/lifecycle.go:697.26,699.5 1 0
github.com/xraph/forge/pkg/di/lifecycle.go:703.2,703.15 1 1
github.com/xraph/forge/pkg/di/lifecycle.go:707.62,711.29 3 24
github.com/xraph/forge/pkg/di/lifecycle.go:711.29,712.21 1 31
github.com/xraph/forge/pkg/di/lifecycle.go:712.21,713.77 1 28
github.com/xraph/forge/pkg/di/lifecycle.go:713.77,715.5 1 2
github.com/xraph/forge/pkg/di/lifecycle.go:719.2,719.12 1 22
github.com/xraph/forge/pkg/di/lifecycle.go:723.109,728.37 4 39
github.com/xraph/forge/pkg/di/lifecycle.go:728.37,729.20 1 18
github.com/xraph/forge/pkg/di/lifecycle.go:729.20,730.80 1 11
github.com/xraph/forge/pkg/di/lifecycle.go:730.80,732.5 1 2
github.com/xraph/forge/pkg/di/lifecycle.go:733.9,733.27 1 7
github.com/xraph/forge/pkg/di/lifecycle.go:733.27,736.30 2 2
github.com/xraph/forge/pkg/di/lifecycle.go:736.30,737.20 1 2
github.com/xraph/forge/pkg/di/lifecycle.go:737.20,739.11 2 2
github.com/xraph/forge/pkg/di/lifecycle.go:742.4,742.24 1 2
github.com/xraph/forge/pkg/di/lifecycle.go:742.24,744.5 1 2
github.com/xraph/forge/pkg/di/lifecycle.go:748.2,749.12 2 35
github.com/xraph/forge/pkg/di/lifecycle.go:753.66,757.44 3 0
github.com/xraph/forge/pkg/di/lifecycle.go:757.44,759.3 1 0
github.com/xraph/forge/pkg/di/lifecycle.go:760.2,760.12 1 0
github.com/xraph/forge/pkg/di/lifecycle.go:764.64,768.44 3 0
github.com/xraph/forge/pkg/di/lifecycle.go:768.44,770.3 1 0
github.com/xraph/forge/pkg/di/lifecycle.go:771.2,771.12 1 0
github.com/xraph/forge/pkg/di/lifecycle.go:775.66,780.35 4 0
github.com/xraph/forge/pkg/di/lifecycle.go:780.35,782.3 1 0
github.com/xraph/forge/pkg/di/lifecycle.go:783.2,783.14 1 0
github.com/xraph/forge/pkg/di/resolver.go:21.50,26.2 1 18
github.com/xraph/forge/pkg/di/resolver.go:29.112,31.34 1 0
github.com/xraph/forge/pkg/di/resolver.go:31.34,33.3 1 0
github.com/xraph/forge/pkg/di/resolver.go:36.2,36.28 1 0
github.com/xraph/forge/pkg/di/resolver.go:36.28,39.52 3 0
github.com/xraph/forge/pkg/di/resolver.go:39.52,42.4 2 0
github.com/xraph/forge/pkg/di/resolver.go:43.3,43.17 1 0
github.com/xraph/forge/pkg/di/resolver.go:47.2,48.16 2 0
github.com/xraph/forge/pkg/di/resolver.go:48.16,50.3 1 0
github.com/xraph/forge/pkg/di/resolver.go:53.2,53.28 1 0
github.com/xraph/forge/pkg/di/resolver.go:53.28,58.3 4 0
github.com/xraph/forge/pkg/di/resolver.go:60.2,60.22 1 0
github.com/xraph/forge/pkg/di/resolver.go:64.115,65.37 1 0
github.com/xraph/forge/pkg/di/resolver.go:65.37,67.3 1 0
github.com/xraph/forge/pkg/di/resolver.go:69.2,70.44 2 0
github.com/xraph/forge/pkg/di/resolver.go:70.44,72.3 1 0
github.com/xraph/forge/pkg/di/resolver.go:74.2,80.33 4 0
github.com/xraph/forge/pkg/di/resolver.go:80.33,84.66 2 0
github.com/xraph/forge/pkg/di/resolver.go:84.66,86.12 2 0
github.com/xraph/forge/pkg/di/resolver.go:89.3,89.70 1 0
github.com/xraph/forge/pkg/di/resolver.go:89.70,92.12 3 0
github.com/xraph/forge/pkg/di/resolver.go:96.3,97.17 2 0
github.com/xraph/forge/pkg/di/resolver.go:97.17,99.4 1 0
github.com/xraph/forge/pkg/di/resolver.go:101.3,101.42 1 0
github.com/xraph/forge/pkg/di/resolver.go:105.2,108.23 2 0
github.com/xraph/forge/pkg/di/resolver.go:108.23,110.3 1 0
github.com/xraph/forge/pkg/di/resolver.go:112.2,115.22 2 0
github.com/xraph/forge/pkg/di/resolver.go:115.22,116.79 1 0
github.com/xraph/forge/pkg/di/resolver.go:116.79,118.4 1 0
github.com/xraph/forge/pkg/di/resolver.go:121.2,121.22 1 0
github.com/xraph/forge/pkg/di/resolver.go:125.109,126.31 1 0
github.com/xraph/forge/pkg/di/resolver.go:126.31,131.3 1 0
github.com/xraph/forge/pkg/di/resolver.go:134.2,135.69 2 0
github.com/xraph/forge/pkg/di/resolver.go:135.69,138.32 2 0
github.com/xraph/forge/pkg/di/resolver.go:138.32,140.4 1 0
github.com/xraph/forge/pkg/di/resolver.go:141.3,141.45 1 0
github.com/xraph/forge/pkg/di/resolver.go:145.2,145.60 1 0
github.com/xraph/forge/pkg/di/resolver.go:145.60,146.37 1 0
github.com/xraph/forge/pkg/di/resolver.go:146.37,149.33 2 0
github.com/xraph/forge/pkg/di/resolver.go:149.33,152.5 1 0
github.com/xraph/forge/pkg/di/resolver.go:153.4,153.46 1 0
github.com/xraph/forge/pkg/di/resolver.go:158.2,158.43 1 0
github.com/xraph/forge/pkg/di/resolver.go:158.43,159.32 1 0
github.com/xraph/forge/pkg/di/resolver.go:159.32,161.4 1 0
github.com/xraph/forge/pkg/di/resolver.go:164.3,164.63 1 0
github.com/xraph/forge/pkg/di/resolver.go:164.63,165.53 1 0
github.com/xraph/forge/pkg/di/resolver.go:165.53,168.34 2 0
github.com/xraph/forge/pkg/di/resolver.go:168.34,171.6 1 0
github.com/xraph/forge/pkg/di/resolver.go:172.5,172.47 1 0
github.com/xraph/forge/pkg/di/resolver.go:177.3,177.61 1 0
github.com/xraph/forge/pkg/di/resolver.go:177.61,178.59 1 0
github.com/xraph/forge/pkg/di/resolver.go:178.59,181.34 2 0
github.com/xraph/forge/pkg/di/resolver.go:181.34,185.6 1 0
github.com/xraph/forge/pkg/di/resolver.go:186.5,186.47 1 0
github.com/xraph/forge/pkg/di/resolver.go:192.2,197.20 4 0
github.com/xraph/forge/pkg/di/resolver.go:197.20,198.64 1 0
github.com/xraph/forge/pkg/di/resolver.go:198.64,199.33 1 0
github.com/xraph/forge/pkg/di/resolver.go:199.33,203.5 1 0
github.com/xraph/forge/pkg/di/resolver.go:204.4,204.47 1 0
github.com/xraph/forge/pkg/di/resolver.go:209.2,210.65 2 0
github.com/xraph/forge/pkg/di/resolver.go:210.65,211.32 1 0
github.com/xraph/forge/pkg/di/resolver.go:211.32,215.4 1 0
github.com/xraph/forge/pkg/di/resolver.go:216.3,216.46 1 0
github.com/xraph/forge/pkg/di/resolver.go:219.2,219.31 1 0
github.com/xraph/forge/pkg/di/resolver.go:219.31,222.3 1 0
github.com/xraph/forge/pkg/di/resolver.go:224.2,224.59 1 0
github.com/xraph/forge/pkg/di/resolver.go:228.83,230.40 1 0
github.com/xraph/forge/pkg/di/resolver.go:230.40,232.3 1 0
github.com/xraph/forge/pkg/di/resolver.go:235.2,235.55 1 0
github.com/xraph/forge/pkg/di/resolver.go:235.55,237.3 1 0
github.com/xraph/forge/pkg/di/resolver.go:239.2,239.14 1 0
github.com/xraph/forge/pkg/di/resolver.go:243.33,247.2 3 0
github.com/xraph/forge/pkg/di/resolver.go:250.59,258.2 3 0
github.com/xraph/forge/pkg/di/resolver.go:261.44,263.27 2 0
github.com/xraph/forge/pkg/di/resolver.go:263.27,265.3 1 0
github.com/xraph/forge/pkg/di/resolver.go:266.2,266.13 1 0
github.com/xraph/forge/pkg/di/resolver.go:276.87,281.2 1 18
github.com/xraph/forge/pkg/di/resolver.go:284.107,285.23 1 0
github.com/xraph/forge/pkg/di/resolver.go:285.23,287.3 1 0
github.com/xraph/forge/pkg/di/resolver.go:290.2,291.41 2 0
github.com/xraph/forge/pkg/di/resolver.go:291.41,293.3 1 0
github.com/xraph/forge/pkg/di/resolver.go:295.2,296.39 2 0
github.com/xraph/forge/pkg/di/resolver.go:296.39,298.3 1 0
github.com/xraph/forge/pkg/di/resolver.go:301.2,301.73 1 0
github.com/xraph/forge/pkg/di/resolver.go:301.73,303.23 2 0
github.com/xraph/forge/pkg/di/resolver.go:303.23,304.67 1 0
github.com/xraph/forge/pkg/di/resolver.go:304.67,306.5 1 0
github.com/xraph/forge/pkg/di/resolver.go:308.3,308.13 1 0
github.com/xraph/forge/pkg/di/resolver.go:312.2,312.73 1 0
github.com/xraph/forge/pkg/di/resolver.go:312.73,315.3 2 0
github.com/xraph/forge/pkg/di/resolver.go:318.2,318.56 1 0
github.com/xraph/forge/pkg/di/resolver.go:322.90,326.45 3 0
github.com/xraph/forge/pkg/di/resolver.go:326.45,331.68 3 0
github.com/xraph/forge/pkg/di/resolver.go:331.68,334.91 2 0
github.com/xraph/forge/pkg/di/resolver.go:334.91,336.5 1 0
github.com/xraph/forge/pkg/di/resolver.go:340.2,340.12 1 0
github.com/xraph/forge/pkg/di/resolver.go:344.109,345.21 1 0
github.com/xraph/forge/pkg/di/resolver.go:345.21,347.3 1 0
github.com/xraph/forge/pkg/di/resolver.go:350.2,350.59 1 0
github.com/xraph/forge/pkg/di/resolver.go:350.59,352.3 1 0
github.com/xraph/forge/pkg/di/resolver.go:354.2,354.12 1 0
github.com/xraph/forge/pkg/di/validator.go:16.58,20.2 1 18
github.com/xraph/forge/pkg/di/validator.go:23.50,27.52 2 3
github.com/xraph/forge/pkg/di/validator.go:27.52,28.30 1 0
github.com/xraph/forge/pkg/di/validator.go:28.30,30.4 1 0
github.com/xraph/forge/pkg/di/validator.go:30.9,32.4 1 0
github.com/xraph/forge/pkg/di/validator.go:35.2,35.46 1 3
github.com/xraph/forge/pkg/di/validator.go:35.46,37.3 1 5
github.com/xraph/forge/pkg/di/validator.go:40.2,40.52 1 3
github.com/xraph/forge/pkg/di/validator.go:40.52,41.49 1 0
github.com/xraph/forge/pkg/di/validator.go:41.49,42.25 1 0
github.com/xraph/forge/pkg/di/validator.go:42.25,44.26 2 0
github.com/xraph/forge/pkg/di/validator.go:44.26,46.6 1 0
github.com/xraph/forge/pkg/di/validator.go:47.5,47.58 1 0
github.com/xraph/forge/pkg/di/validator.go:52.2,52.57 1 3
github.com/xraph/forge/pkg/di/validator.go:52.57,53.49 1 4
github.com/xraph/forge/pkg/di/validator.go:53.49,54.25 1 4
github.com/xraph/forge/pkg/di/validator.go:54.25,56.5 1 1
github.com/xraph/forge/pkg/di/validator.go:60.2,60.12 1 2
github.com/xraph/forge/pkg/di/validator.go:64.58,68.52 2 2
github.com/xraph/forge/pkg/di/validator.go:68.52,70.24 2 0
github.com/xraph/forge/pkg/di/validator.go:70.24,72.4 1 0
github.com/xraph/forge/pkg/di/validator.go:73.3,73.49 1 0
github.com/xraph/forge/pkg/di/validator.go:76.2,76.57 1 2
github.com/xraph/forge/pkg/di/validator.go:76.57,78.3 1 3
github.com/xraph/forge/pkg/di/validator.go:81.2,84.29 3 2
github.com/xraph/forge/pkg/di/validator.go:84.29,85.24 1 3
github.com/xraph/forge/pkg/di/validator.go:85.24,86.89 1 3
github.com/xraph/forge/pkg/di/validator.go:86.89,88.5 1 0
github.com/xraph/forge/pkg/di/validator.go:92.2,92.12 1 2
github.com/xraph/forge/pkg/di/validator.go:96.135,101.37 4 3
github.com/xraph/forge/pkg/di/validator.go:101.37,102.20 1 3
github.com/xraph/forge/pkg/di/validator.go:102.20,103.89 1 0
github.com/xraph/forge/pkg/di/validator.go:103.89,105.5 1 0
github.com/xraph/forge/pkg/di/validator.go:106.9,106.27 1 3
github.com/xraph/forge/pkg/di/validator.go:106.27,109.30 2 0
github.com/xraph/forge/pkg/di/validator.go:109.30,110.20 1 0
github.com/xraph/forge/pkg/di/validator.go:110.20,112.11 2 0
github.com/xraph/forge/pkg/di/validator.go:115.4,115.24 1 0
github.com/xraph/forge/pkg/di/validator.go:115.24,117.5 1 0
github.com/xraph/forge/pkg/di/validator.go:121.2,122.12 2 3
github.com/xraph/forge/pkg/di/validator.go:126.56,127.52 1 2
github.com/xraph/forge/pkg/di/validator.go:127.52,128.67 1 0
github.com/xraph/forge/pkg/di/validator.go:128.67,130.4 1 0
github.com/xraph/forge/pkg/di/validator.go:133.2,133.57 1 2
github.com/xraph/forge/pkg/di/validator.go:133.57,134.67 1 3
github.com/xraph/forge/pkg/di/validator.go:134.67,136.4 1 0
github.com/xraph/forge/pkg/di/validator.go:139.2,139.12 1 2
github.com/xraph/forge/pkg/di/validator.go:143.88,145.23 2 3
github.com/xraph/forge/pkg/di/validator.go:145.23,147.3 1 0
github.com/xraph/forge/pkg/di/validator.go:149.2,149.30 1 3
github.com/xraph/forge/pkg/di/validator.go:149.30,151.3 1 0
github.com/xraph/forge/pkg/di/validator.go:153.2,153.37 1 3
github.com/xraph/forge/pkg/di/validator.go:153.37,155.45 2 3
github.com/xraph/forge/pkg/di/validator.go:155.45,157.4 1 0
github.com/xraph/forge/pkg/di/validator.go:158.3,158.36 1 3
github.com/xraph/forge/pkg/di/validator.go:158.36,160.4 1 0
github.com/xraph/forge/pkg/di/validator.go:162.3,163.52 2 3
github.com/xraph/forge/pkg/di/validator.go:163.52,164.109 1 3
github.com/xraph/forge/pkg/di/validator.go:164.109,168.5 1 0
github.com/xraph/forge/pkg/di/validator.go:169.9,170.39 1 0
github.com/xraph/forge/pkg/di/validator.go:170.39,174.5 1 0
github.com/xraph/forge/pkg/di/validator.go:178.2,178.12 1 3
github.com/xraph/forge/pkg/di/validator.go:182.63,187.76 3 0
github.com/xraph/forge/pkg/di/validator.go:187.76,189.44 1 0
github.com/xraph/forge/pkg/di/validator.go:189.44,190.38 1 0
github.com/xraph/forge/pkg/di/validator.go:190.38,193.10 3 0
github.com/xraph/forge/pkg/di/validator.go:198.2,198.13 1 0
github.com/xraph/forge/pkg/di/validator.go:198.13,200.3 1 0
github.com/xraph/forge/pkg/di/validator.go:202.2,202.50 1 0
github.com/xraph/forge/pkg/di/validator.go:206.67,213.52 2 0
github.com/xraph/forge/pkg/di/validator.go:213.52,215.24 2 0
github.com/xraph/forge/pkg/di/validator.go:215.24,217.4 1 0
github.com/xraph/forge/pkg/di/validator.go:219.3,226.67 2 0
github.com/xraph/forge/pkg/di/validator.go:226.67,230.4 3 0
github.com/xraph/forge/pkg/di/validator.go:232.3,232.40 1 0
github.com/xraph/forge/pkg/di/validator.go:235.2,235.57 1 0
github.com/xraph/forge/pkg/di/validator.go:235.57,243.67 2 0
github.com/xraph/forge/pkg/di/validator.go:243.67,247.4 3 0
github.com/xraph/forge/pkg/di/validator.go:249.3,249.46 1 0
github.com/xraph/forge/pkg/di/validator.go:253.2,253.57 1 0
github.com/xraph/forge/pkg/di/validator.go:253.57,256.3 2 0
github.com/xraph/forge/pkg/di/validator.go:258.2,258.15 1 0
github.com/xraph/forge/pkg/di/validator.go:262.104,263.48 1 0
github.com/xraph/forge/pkg/di/validator.go:263.48,265.30 1 0
github.com/xraph/forge/pkg/di/validator.go:265.30,266.94 1 0
github.com/xraph/forge/pkg/di/validator.go:266.94,269.5 1 0
github.com/xraph/forge/pkg/di/validator.go:273.3,273.41 1 0
github.com/xraph/forge/pkg/di/validator.go:273.41,274.29 1 0
github.com/xraph/forge/pkg/di/validator.go:274.29,276.5 1 0
github.com/xraph/forge/pkg/di/validator.go:279.2,279.12 1 0
github.com/xraph/forge/pkg/di/validator.go:283.103,285.45 1 0
github.com/xraph/forge/pkg/di/validator.go:285.45,288.52 2 0
github.com/xraph/forge/pkg/di/validator.go:288.52,289.49 1 0
github.com/xraph/forge/pkg/di/validator.go:289.49,291.10 2 0
github.com/xraph/forge/pkg/di/validator.go:294.4,294.46 1 0
github.com/xraph/forge/pkg/di/validator.go:294.46,296.10 2 0
github.com/xraph/forge/pkg/di/validator.go:301.3,301.13 1 0
github.com/xraph/forge/pkg/di/validator.go:301.13,302.59 1 0
github.com/xraph/forge/pkg/di/validator.go:302.59,303.53 1 0
github.com/xraph/forge/pkg/di/validator.go:303.53,305.11 2 0
github.com/xraph/forge/pkg/di/validator.go:307.5,307.50 1 0
github.com/xraph/forge/pkg/di/validator.go:307.50,309.11 2 0
github.com/xraph/forge/pkg/di/validator.go:314.3,314.13 1 0
github.com/xraph/forge/pkg/di/validator.go:314.13,316.4 1 0
github.com/xraph/forge/pkg/di/validator.go:317.8,320.52 2 0
github.com/xraph/forge/pkg/di/validator.go:320.52,321.49 1 0
github.com/xraph/forge/pkg/di/validator.go:321.49,323.10 2 0
github.com/xraph/forge/pkg/di/validator.go:328.3,328.13 1 0
github.com/xraph/forge/pkg/di/validator.go:328.13,329.59 1 0
github.com/xraph/forge/pkg/di/validator.go:329.59,330.53 1 0
github.com/xraph/forge/pkg/di/validator.go:330.53,332.11 2 0
github.com/xraph/forge/pkg/di/validator.go:337.3,337.13 1 0
github.com/xraph/forge/pkg/di/validator.go:337.13,339.4 1 0
github.com/xraph/forge/pkg/di/validator.go:342.2,342.12 1 0
github.com/xraph/forge/pkg/di/validator.go:346.64,348.20 1 0
github.com/xraph/forge/pkg/di/validator.go:348.20,350.3 1 0
github.com/xraph/forge/pkg/di/validator.go:353.2,354.36 1 0
github.com/xraph/forge/pkg/di/validator.go:354.36,356.3 1 0
github.com/xraph/forge/pkg/di/validator.go:359.2,359.76 1 0
github.com/xraph/forge/pkg/di/validator.go:359.76,361.73 1 0
github.com/xraph/forge/pkg/di/validator.go:361.73,363.4 1 0
github.com/xraph/forge/pkg/di/validator.go:366.3,366.57 1 0
github.com/xraph/forge/pkg/di/validator.go:366.57,368.4 1 0
github.com/xraph/forge/pkg/di/validator.go:371.2,371.14 1 0
github.com/xraph/forge/pkg/di/validator.go:375.60,377.65 1 0
github.com/xraph/forge/pkg/di/validator.go:377.65,379.3 1 0
github.com/xraph/forge/pkg/di/validator.go:382.2,382.82 1 0
github.com/xraph/forge/pkg/di/validator.go:382.82,383.65 1 0
github.com/xraph/forge/pkg/di/validator.go:383.65,385.4 1 0
github.com/xraph/forge/pkg/di/validator.go:389.2,389.52 1 0
github.com/xraph/forge/pkg/di/validator.go:389.52,390.46 1 0
github.com/xraph/forge/pkg/di/validator.go:390.46,392.4 1 0
github.com/xraph/forge/pkg/di/validator.go:395.2,395.14 1 0
github.com/xraph/forge/pkg/di/validator.go:399.41,401.49 1 3
github.com/xraph/forge/pkg/di/validator.go:401.49,403.3 1 1
github.com/xraph/forge/pkg/di/validator.go:406.2,406.57 1 2
github.com/xraph/forge/pkg/di/validator.go:406.57,408.3 1 0
github.com/xraph/forge/pkg/di/validator.go:411.2,411.55 1 2
github.com/xraph/forge/pkg/di/validator.go:411.55,413.3 1 0
github.com/xraph/forge/pkg/di/validator.go:415.2,415.12 1 2
github.com/xraph/forge/pkg/di/validator.go:419.104,421.40 1 0
github.com/xraph/forge/pkg/di/validator.go:421.40,423.3 1 0
github.com/xraph/forge/pkg/di/validator.go:426.2,426.67 1 0
github.com/xraph/forge/pkg/di/validator.go:426.67,428.3 1 0
github.com/xraph/forge/pkg/di/validator.go:430.2,430.12 1 0
